<?xml version="1.0" encoding="UTF-8"?>
<!-- Generated by org.testng.reporters.JUnitReportReporter -->
<testsuite skipped="0" hostname="DESKTOP-FLR99R7" name="Testclass.NewTest" tests="1" failures="0" timestamp="2019-12-25T21:38:54 IST" time="11.412" errors="0">
  <testcase name="f" time="11.412" classname="Testclass.NewTest"/>
</testsuite> <!-- Testclass.NewTest -->
